2026-07-08 05:02:59.615276 ==============================================================================
2026-07-08 05:02:59.644792 Suites
2026-07-08 05:02:59.644830 ==============================================================================
2026-07-08 05:02:59.644856 Suites.Ui
2026-07-08 05:02:59.646357 ==============================================================================
2026-07-08 05:03:00.079472 Suites.Ui.04 Login
2026-07-08 05:03:00.098690 ==============================================================================
2026-07-08 05:03:13.932168 Login Exitoso Con Usuario Valido                                      | PASS |
2026-07-08 05:03:13.979583 ------------------------------------------------------------------------------
2026-07-08 05:03:27.717664 Login Fallido Con Usuario Bloqueado                                   | PASS |
2026-07-08 05:03:27.718573 ------------------------------------------------------------------------------
2026-07-08 05:03:27.718633 Suites.Ui.04 Login                                                    | PASS |
2026-07-08 05:03:27.718930 2 tests, 2 passed, 0 failed
2026-07-08 05:03:27.718952 ==============================================================================
2026-07-08 05:03:27.718965 Suites.Ui                                                             | PASS |
2026-07-08 05:03:27.719322 2 tests, 2 passed, 0 failed
2026-07-08 05:03:27.719364 ==============================================================================
2026-07-08 05:03:27.719378 Suites                                                                | PASS |
2026-07-08 05:03:27.719634 2 tests, 2 passed, 0 failed
2026-07-08 05:03:27.719696 ==============================================================================
2026-07-08 05:03:27.719716 Output:  C:\Users\javie\OneDrive\Desktop\lab-ing\robotframework-labs\resultados\pabot_results\2\output.xml
