2026-07-08 05:02:58.028683 ==============================================================================
2026-07-08 05:02:58.050284 Suites
2026-07-08 05:02:58.050379 ==============================================================================
2026-07-08 05:02:58.050436 Suites.Api
2026-07-08 05:02:58.051569 ==============================================================================
2026-07-08 05:02:58.170092 Suites.Api.06 Api Tests
2026-07-08 05:02:58.177620 ==============================================================================
2026-07-08 05:02:58.356355 Obtener Lista De Usuarios                                             | PASS |
2026-07-08 05:02:58.356355 C:\Users\javie\OneDrive\Desktop\lab-ing\robotframework-labs\venv\Lib\site-packages\urllib3\connectionpool.py:1110: InsecureRequestWarning: Unverified HTTPS request is being made to host 'jsonplaceholder.typicode.com'. Adding certificate verification is strongly advised. See: https://urllib3.readthedocs.io/en/latest/advanced-usage.html#tls-warnings
2026-07-08 05:02:58.382438 ------------------------------------------------------------------------------
2026-07-08 05:02:58.382438   warnings.warn(
2026-07-08 05:02:58.558959 Crear Nuevo Usuario                                                   | PASS |
2026-07-08 05:02:58.558959 C:\Users\javie\OneDrive\Desktop\lab-ing\robotframework-labs\venv\Lib\site-packages\urllib3\connectionpool.py:1110: InsecureRequestWarning: Unverified HTTPS request is being made to host 'jsonplaceholder.typicode.com'. Adding certificate verification is strongly advised. See: https://urllib3.readthedocs.io/en/latest/advanced-usage.html#tls-warnings
2026-07-08 05:02:58.586791 ------------------------------------------------------------------------------
2026-07-08 05:02:58.586791   warnings.warn(
2026-07-08 05:02:58.762194 Obtener Usuario Inexistente                                           | PASS |
2026-07-08 05:02:58.762194 C:\Users\javie\OneDrive\Desktop\lab-ing\robotframework-labs\venv\Lib\site-packages\urllib3\connectionpool.py:1110: InsecureRequestWarning: Unverified HTTPS request is being made to host 'jsonplaceholder.typicode.com'. Adding certificate verification is strongly advised. See: https://urllib3.readthedocs.io/en/latest/advanced-usage.html#tls-warnings
2026-07-08 05:02:58.775183 ------------------------------------------------------------------------------
2026-07-08 05:02:58.775183   warnings.warn(
2026-07-08 05:02:58.775222 Suites.Api.06 Api Tests                                               | PASS |
2026-07-08 05:02:58.776129 3 tests, 3 passed, 0 failed
2026-07-08 05:02:58.776184 ==============================================================================
2026-07-08 05:02:58.776239 Suites.Api                                                            | PASS |
2026-07-08 05:02:58.776757 3 tests, 3 passed, 0 failed
2026-07-08 05:02:58.776838 ==============================================================================
2026-07-08 05:02:58.776866 Suites                                                                | PASS |
2026-07-08 05:02:58.777312 3 tests, 3 passed, 0 failed
2026-07-08 05:02:58.777365 ==============================================================================
2026-07-08 05:02:58.777383 Output:  C:\Users\javie\OneDrive\Desktop\lab-ing\robotframework-labs\resultados\pabot_results\0\output.xml
