2026-07-08 05:03:02.794083 ==============================================================================
2026-07-08 05:03:02.824645 Suites
2026-07-08 05:03:02.824684 ==============================================================================
2026-07-08 05:03:02.824710 Suites.Ui
2026-07-08 05:03:02.826091 ==============================================================================
2026-07-08 05:03:03.138017 Suites.Ui.05 Login Ddt
2026-07-08 05:03:03.157814 ==============================================================================
2026-07-08 05:03:09.735307 Usuario estandar                                                      | PASS |
2026-07-08 05:03:09.784575 ------------------------------------------------------------------------------
2026-07-08 05:03:14.997638 Usuario bloqueado                                                     | PASS |
2026-07-08 05:03:15.031524 ------------------------------------------------------------------------------
2026-07-08 05:03:20.244610 Clave incorrecta                                                      | PASS |
2026-07-08 05:03:20.306280 ------------------------------------------------------------------------------
2026-07-08 05:03:25.478036 Usuario vacio                                                         | PASS |
2026-07-08 05:03:25.478613 ------------------------------------------------------------------------------
2026-07-08 05:03:27.779646 Suites.Ui.05 Login Ddt                                                | PASS |
2026-07-08 05:03:27.827409 4 tests, 4 passed, 0 failed
2026-07-08 05:03:27.827432 ==============================================================================
2026-07-08 05:03:27.827459 Suites.Ui                                                             | PASS |
2026-07-08 05:03:27.827882 4 tests, 4 passed, 0 failed
2026-07-08 05:03:27.827923 ==============================================================================
2026-07-08 05:03:27.827935 Suites                                                                | PASS |
2026-07-08 05:03:27.828207 4 tests, 4 passed, 0 failed
2026-07-08 05:03:27.828260 ==============================================================================
2026-07-08 05:03:27.828278 Output:  C:\Users\javie\OneDrive\Desktop\lab-ing\robotframework-labs\resultados\pabot_results\3\output.xml
