==============================================================================
Suites
==============================================================================
Suites.Ui
==============================================================================
Suites.Ui.05 Login Ddt
==============================================================================
Usuario estandar                                                      | PASS |
------------------------------------------------------------------------------
Usuario bloqueado                                                     | PASS |
------------------------------------------------------------------------------
Clave incorrecta                                                      | PASS |
------------------------------------------------------------------------------
Usuario vacio                                                         | PASS |
------------------------------------------------------------------------------
Suites.Ui.05 Login Ddt                                                | PASS |
4 tests, 4 passed, 0 failed
==============================================================================
Suites.Ui                                                             | PASS |
4 tests, 4 passed, 0 failed
==============================================================================
Suites                                                                | PASS |
4 tests, 4 passed, 0 failed
==============================================================================
Output:  C:\Users\javie\OneDrive\Desktop\lab-ing\robotframework-labs\resultados\pabot_results\3\output.xml
